<?xml version="1.0" encoding="UTF-8"?>
<!-- Generated by org.testng.reporters.JUnitReportReporter -->
<testsuite hostname="LAPTOP-PTKJ44BT" failures="0" tests="1" name="com.mmt.practice.BrowserLaunch" time="41.707" errors="0" timestamp="2023-03-30T13:20:54 IST" skipped="0">
  <testcase classname="com.mmt.practice.BrowserLaunch" name="mmt" time="41.707"/>
  <system-out/>
</testsuite> <!-- com.mmt.practice.BrowserLaunch -->
